SF:lib\main.dart
DA:4,0
DA:5,0
DA:6,0
DA:7,0
DA:15,3
DA:18,1
DA:19,1
DA:20,1
DA:27,1
DA:29,1
DA:30,1
DA:34,1
DA:36,1
DA:37,1
DA:38,1
DA:39,1
DA:41,1
DA:42,1
DA:44,1
DA:45,1
DA:46,1
DA:47,1
DA:48,1
DA:49,1
DA:50,1
DA:51,2
DA:53,1
DA:56,1
DA:64,1
DA:65,1
DA:66,1
DA:67,1
DA:68,2
DA:70,1
DA:73,1
DA:83,1
DA:84,1
DA:85,1
DA:96,1
DA:101,1
DA:107,1
DA:109,1
DA:111,1
DA:112,1
DA:113,1
DA:115,2
DA:117,1
DA:119,1
DA:120,1
DA:121,1
DA:124,1
DA:126,1
DA:127,1
DA:128,1
DA:141,1
DA:144,1
DA:146,1
DA:148,1
DA:151,1
DA:152,1
DA:153,1
DA:154,1
DA:156,1
DA:157,2
DA:158,1
LF:65
LH:61
end_of_record
SF:lib\constants\theme_constants.dart
DA:149,1
DA:157,1
DA:165,0
DA:166,0
DA:173,0
DA:182,0
DA:191,0
DA:200,0
DA:209,1
DA:218,0
DA:227,0
LF:11
LH:3
end_of_record
